<?xml version="1.0" encoding="UTF-8"?>
<!-- Generated by org.testng.reporters.JUnitXMLReporter -->
<testsuite hostname="360NDCPC028" ignored="0" name="Default test" tests="2" failures="0" timestamp="13 Nov 2017 07:05:55 GMT" time="126.545" errors="0">
  <testcase name="testUserLogin" time="37.936" classname="com.ivm.android.scripts.UserLogin"/>
  <testcase name="testUserLoginInvalidCredentials" time="18.637" classname="com.ivm.android.scripts.UserLogin"/>
</testsuite> <!-- Default test -->
