<?xml version="1.0" encoding="UTF-8"?>
<!-- Generated by org.testng.reporters.JUnitXMLReporter -->
<testsuite hostname="360NDCPC028" ignored="0" name=" Login Test" tests="5" failures="0" timestamp="24 Oct 2017 11:07:25 GMT" time="276.628" errors="0">
  <testcase name="testUserLogin" time="32.04" classname="com.ivm.android.scripts.UserLogin"/>
  <testcase name="testUserLoginInvalidCredentials" time="18.412" classname="com.ivm.android.scripts.UserLogin"/>
  <testcase name="SettingperissionOFF" time="68.644" classname="com.ivm.android.scripts.Settings"/>
  <testcase name="SettingperissionON" time="70.544" classname="com.ivm.android.scripts.Settings"/>
  <testcase name="searchbyVehicle" time="45.913" classname="com.ivm.android.scripts.SearchAppraisalList"/>
</testsuite> <!--  Login Test -->
