<?xml version="1.0" encoding="UTF-8"?>
<!-- Generated by org.testng.reporters.JUnitXMLReporter -->
<testsuite hostname="360NDCPC028" ignored="1" name=" Login Test" tests="11" failures="2" timestamp="30 Nov 2017 10:37:54 GMT" time="999.013" errors="0">
  <testcase name="testUserLogin" time="120.32" classname="com.ivm.android.scripts.UserLogin"/>
  <testcase name="SettingperissionOFF" time="70.005" classname="com.ivm.android.scripts.Settings"/>
  <testcase name="SettingperissionON" time="70.825" classname="com.ivm.android.scripts.Settings"/>
  <testcase name="searchbyVehicle" time="75.367" classname="com.ivm.android.scripts.SearchAppraisalList"/>
  <testcase name="searchbyVehicleInventory" time="99.761" classname="com.ivm.android.scripts.SearchInventoryList">
    <failure type="java.lang.AssertionError" message="com.ivm.appraisal:id/com.ivm.appraisal:id/no_vehicles_inventory is not found in given time 10">
      <![CDATA[java.lang.AssertionError: com.ivm.appraisal:id/com.ivm.appraisal:id/no_vehicles_inventory is not found in given time 10
	at com.ivm.android.util.DriverHelper.waitForElementPresent(DriverHelper.java:231)
	at com.ivm.android.util.DriverHelper.getText(DriverHelper.java:200)
	at com.ivm.android.screenHelper.InventoryListHelper.SearchVehicle(InventoryListHelper.java:140)
	at com.ivm.android.screenHelper.InventoryListHelper.Searchresults(InventoryListHelper.java:64)
	at com.ivm.android.scripts.SearchInventoryList.searchbyVehicleInventory(SearchInventoryList.java:34)
... Removed 26 stack frames]]>
    </failure>
  </testcase> <!-- searchbyVehicleInventory -->
  <testcase name="ReappraiseVehicle" time="152.695" classname="com.ivm.android.scripts.VerifyviewPhotoandNotes"/>
  <testcase name="ReappraiseVehicle" time="93.287" classname="com.ivm.android.scripts.VerifyReappraiseAppraisalDetailsPage"/>
  <testcase name="validateAccount" time="84.582" classname="com.ivm.android.scripts.ValidateNewUserAccount"/>
  <testcase name="BlankValuePassword" time="16.36" classname="com.ivm.android.scripts.VerifyForgotPassword"/>
  <testcase name="Invalidaddress" time="16.201" classname="com.ivm.android.scripts.VerifyForgotPassword"/>
  <testcase name="validaddress" time="44.33" classname="com.ivm.android.scripts.VerifyForgotPassword">
    <failure type="java.lang.NullPointerException">
      <![CDATA[java.lang.NullPointerException
	at com.ivm.android.screenHelper.UserLoginHelper.resetPassword(UserLoginHelper.java:165)
	at com.ivm.android.scripts.VerifyForgotPassword.validaddress(VerifyForgotPassword.java:74)
... Removed 25 stack frames]]>
    </failure>
  </testcase> <!-- validaddress -->
  <testcase name="testUserLoginInvalidCredentials" time="0.0" classname="com.ivm.android.scripts.UserLogin">
    <ignored/>
  </testcase> <!-- testUserLoginInvalidCredentials -->
</testsuite> <!--  Login Test -->
