<?xml version="1.0" encoding="UTF-8"?>
<testng-results skipped="0" failed="0" ignored="0" total="1" passed="1">
  <reporter-output>
    <line>
      <![CDATA[search vehicle with VIN and result]]>
    </line>
    <line>
      <![CDATA[User tap on back action return to Home]]>
    </line>
    <line>
      <![CDATA[User taps on the Sign out button]]>
    </line>
  </reporter-output>
  <suite name="Default suite" duration-ms="60258" started-at="2017-10-30T12:05:47Z" finished-at="2017-10-30T12:06:47Z">
    <groups>
    </groups>
    <test name="Default test" duration-ms="60258" started-at="2017-10-30T12:05:47Z" finished-at="2017-10-30T12:06:47Z">
      <class name="com.ivm.android.scripts.SearchInventoryList">
        <test-method status="PASS" signature="setUp()[pri:0, instance:com.ivm.android.scripts.SearchInventoryList@52a86356]" name="setUp" is-config="true" duration-ms="12059" started-at="2017-10-30T17:35:47Z" finished-at="2017-10-30T17:35:59Z">
          <reporter-output>
          </reporter-output>
        </test-method> <!-- setUp -->
        <test-method status="PASS" signature="searchbyVehicleInventory()[pri:0, instance:com.ivm.android.scripts.SearchInventoryList@52a86356]" name="searchbyVehicleInventory" duration-ms="46325" started-at="2017-10-30T17:35:59Z" finished-at="2017-10-30T17:36:45Z">
          <reporter-output>
            <line>
              <![CDATA[search vehicle with VIN and result]]>
            </line>
            <line>
              <![CDATA[User tap on back action return to Home]]>
            </line>
            <line>
              <![CDATA[User taps on the Sign out button]]>
            </line>
          </reporter-output>
        </test-method> <!-- searchbyVehicleInventory -->
        <test-method status="PASS" signature="afterClass()[pri:0, instance:com.ivm.android.scripts.SearchInventoryList@52a86356]" name="afterClass" is-config="true" duration-ms="1839" started-at="2017-10-30T17:36:45Z" finished-at="2017-10-30T17:36:47Z">
          <reporter-output>
          </reporter-output>
        </test-method> <!-- afterClass -->
      </class> <!-- com.ivm.android.scripts.SearchInventoryList -->
    </test> <!-- Default test -->
  </suite> <!-- Default suite -->
</testng-results>
